[2022-04-29 01:42:44,777] {processor.py:163} INFO - Started process (PID=439) to work on /home/airflow/.local/lib/python3.7/site-packages/airflow/example_dags/example_latest_only.py
[2022-04-29 01:42:44,787] {processor.py:642} INFO - Processing file /home/airflow/.local/lib/python3.7/site-packages/airflow/example_dags/example_latest_only.py for tasks to queue
[2022-04-29 01:42:44,806] {logging_mixin.py:109} INFO - [2022-04-29 01:42:44,804] {dagbag.py:500} INFO - Filling up the DagBag from /home/airflow/.local/lib/python3.7/site-packages/airflow/example_dags/example_latest_only.py
[2022-04-29 01:42:45,019] {processor.py:652} INFO - DAG(s) dict_keys(['latest_only']) retrieved from /home/airflow/.local/lib/python3.7/site-packages/airflow/example_dags/example_latest_only.py
[2022-04-29 01:42:56,200] {logging_mixin.py:109} INFO - [2022-04-29 01:42:56,199] {manager.py:496} INFO - Created Permission View: can edit on DAG:latest_only
[2022-04-29 01:42:56,227] {logging_mixin.py:109} INFO - [2022-04-29 01:42:56,226] {manager.py:496} INFO - Created Permission View: can read on DAG:latest_only
[2022-04-29 01:42:56,229] {logging_mixin.py:109} INFO - [2022-04-29 01:42:56,228] {dag.py:2398} INFO - Sync 1 DAGs
[2022-04-29 01:42:56,259] {logging_mixin.py:109} INFO - [2022-04-29 01:42:56,258] {dag.py:2417} INFO - Creating ORM DAG for latest_only
[2022-04-29 01:42:56,285] {logging_mixin.py:109} INFO - [2022-04-29 01:42:56,285] {dag.py:2937} INFO - Setting next_dagrun for latest_only to 2022-04-28T21:42:56.283717+00:00
[2022-04-29 01:42:56,330] {processor.py:171} INFO - Processing /home/airflow/.local/lib/python3.7/site-packages/airflow/example_dags/example_latest_only.py took 11.569 seconds
[2022-04-29 01:56:17,214] {processor.py:163} INFO - Started process (PID=294) to work on /home/airflow/.local/lib/python3.7/site-packages/airflow/example_dags/example_latest_only.py
[2022-04-29 01:56:17,224] {processor.py:642} INFO - Processing file /home/airflow/.local/lib/python3.7/site-packages/airflow/example_dags/example_latest_only.py for tasks to queue
[2022-04-29 01:56:17,233] {logging_mixin.py:109} INFO - [2022-04-29 01:56:17,233] {dagbag.py:500} INFO - Filling up the DagBag from /home/airflow/.local/lib/python3.7/site-packages/airflow/example_dags/example_latest_only.py
[2022-04-29 01:56:17,471] {processor.py:652} INFO - DAG(s) dict_keys(['latest_only']) retrieved from /home/airflow/.local/lib/python3.7/site-packages/airflow/example_dags/example_latest_only.py
[2022-04-29 01:56:17,622] {logging_mixin.py:109} INFO - [2022-04-29 01:56:17,622] {dag.py:2398} INFO - Sync 1 DAGs
[2022-04-29 01:56:17,833] {logging_mixin.py:109} INFO - [2022-04-29 01:56:17,816] {dag.py:2937} INFO - Setting next_dagrun for latest_only to 2022-04-28T21:56:17.814556+00:00
[2022-04-29 01:56:17,949] {processor.py:171} INFO - Processing /home/airflow/.local/lib/python3.7/site-packages/airflow/example_dags/example_latest_only.py took 0.756 seconds
[2022-04-29 02:09:40,742] {processor.py:163} INFO - Started process (PID=419) to work on /home/airflow/.local/lib/python3.7/site-packages/airflow/example_dags/example_latest_only.py
[2022-04-29 02:09:40,748] {processor.py:642} INFO - Processing file /home/airflow/.local/lib/python3.7/site-packages/airflow/example_dags/example_latest_only.py for tasks to queue
[2022-04-29 02:09:40,751] {logging_mixin.py:109} INFO - [2022-04-29 02:09:40,750] {dagbag.py:500} INFO - Filling up the DagBag from /home/airflow/.local/lib/python3.7/site-packages/airflow/example_dags/example_latest_only.py
[2022-04-29 02:09:40,810] {processor.py:652} INFO - DAG(s) dict_keys(['latest_only']) retrieved from /home/airflow/.local/lib/python3.7/site-packages/airflow/example_dags/example_latest_only.py
[2022-04-29 02:09:49,653] {logging_mixin.py:109} INFO - [2022-04-29 02:09:49,650] {manager.py:496} INFO - Created Permission View: can read on DAG:latest_only
[2022-04-29 02:09:49,715] {logging_mixin.py:109} INFO - [2022-04-29 02:09:49,714] {manager.py:496} INFO - Created Permission View: can edit on DAG:latest_only
[2022-04-29 02:09:49,718] {logging_mixin.py:109} INFO - [2022-04-29 02:09:49,717] {dag.py:2398} INFO - Sync 1 DAGs
[2022-04-29 02:09:49,778] {logging_mixin.py:109} INFO - [2022-04-29 02:09:49,773] {dag.py:2417} INFO - Creating ORM DAG for latest_only
[2022-04-29 02:09:49,842] {logging_mixin.py:109} INFO - [2022-04-29 02:09:49,839] {dag.py:2937} INFO - Setting next_dagrun for latest_only to 2022-04-28T22:09:49.837175+00:00
[2022-04-29 02:09:49,944] {processor.py:171} INFO - Processing /home/airflow/.local/lib/python3.7/site-packages/airflow/example_dags/example_latest_only.py took 9.209 seconds
