[2022-04-29 01:42:27,690] {processor.py:163} INFO - Started process (PID=410) to work on /home/airflow/.local/lib/python3.7/site-packages/airflow/example_dags/example_time_delta_sensor_async.py
[2022-04-29 01:42:27,709] {processor.py:642} INFO - Processing file /home/airflow/.local/lib/python3.7/site-packages/airflow/example_dags/example_time_delta_sensor_async.py for tasks to queue
[2022-04-29 01:42:27,718] {logging_mixin.py:109} INFO - [2022-04-29 01:42:27,717] {dagbag.py:500} INFO - Filling up the DagBag from /home/airflow/.local/lib/python3.7/site-packages/airflow/example_dags/example_time_delta_sensor_async.py
[2022-04-29 01:42:27,907] {processor.py:652} INFO - DAG(s) dict_keys(['example_time_delta_sensor_async']) retrieved from /home/airflow/.local/lib/python3.7/site-packages/airflow/example_dags/example_time_delta_sensor_async.py
[2022-04-29 01:42:44,206] {logging_mixin.py:109} INFO - [2022-04-29 01:42:44,205] {manager.py:496} INFO - Created Permission View: can edit on DAG:example_time_delta_sensor_async
[2022-04-29 01:42:44,284] {logging_mixin.py:109} INFO - [2022-04-29 01:42:44,284] {manager.py:496} INFO - Created Permission View: can read on DAG:example_time_delta_sensor_async
[2022-04-29 01:42:44,292] {logging_mixin.py:109} INFO - [2022-04-29 01:42:44,291] {dag.py:2398} INFO - Sync 1 DAGs
[2022-04-29 01:42:44,363] {logging_mixin.py:109} INFO - [2022-04-29 01:42:44,361] {dag.py:2417} INFO - Creating ORM DAG for example_time_delta_sensor_async
[2022-04-29 01:42:44,422] {logging_mixin.py:109} INFO - [2022-04-29 01:42:44,422] {dag.py:2937} INFO - Setting next_dagrun for example_time_delta_sensor_async to None
[2022-04-29 01:42:44,541] {processor.py:171} INFO - Processing /home/airflow/.local/lib/python3.7/site-packages/airflow/example_dags/example_time_delta_sensor_async.py took 16.859 seconds
[2022-04-29 01:56:15,465] {processor.py:163} INFO - Started process (PID=284) to work on /home/airflow/.local/lib/python3.7/site-packages/airflow/example_dags/example_time_delta_sensor_async.py
[2022-04-29 01:56:15,469] {processor.py:642} INFO - Processing file /home/airflow/.local/lib/python3.7/site-packages/airflow/example_dags/example_time_delta_sensor_async.py for tasks to queue
[2022-04-29 01:56:15,474] {logging_mixin.py:109} INFO - [2022-04-29 01:56:15,474] {dagbag.py:500} INFO - Filling up the DagBag from /home/airflow/.local/lib/python3.7/site-packages/airflow/example_dags/example_time_delta_sensor_async.py
[2022-04-29 01:56:15,638] {processor.py:652} INFO - DAG(s) dict_keys(['example_time_delta_sensor_async']) retrieved from /home/airflow/.local/lib/python3.7/site-packages/airflow/example_dags/example_time_delta_sensor_async.py
[2022-04-29 01:56:15,767] {logging_mixin.py:109} INFO - [2022-04-29 01:56:15,767] {dag.py:2398} INFO - Sync 1 DAGs
[2022-04-29 01:56:15,938] {logging_mixin.py:109} INFO - [2022-04-29 01:56:15,937] {dag.py:2937} INFO - Setting next_dagrun for example_time_delta_sensor_async to None
[2022-04-29 01:56:16,049] {processor.py:171} INFO - Processing /home/airflow/.local/lib/python3.7/site-packages/airflow/example_dags/example_time_delta_sensor_async.py took 0.602 seconds
[2022-04-29 02:09:25,518] {processor.py:163} INFO - Started process (PID=386) to work on /home/airflow/.local/lib/python3.7/site-packages/airflow/example_dags/example_time_delta_sensor_async.py
[2022-04-29 02:09:25,531] {processor.py:642} INFO - Processing file /home/airflow/.local/lib/python3.7/site-packages/airflow/example_dags/example_time_delta_sensor_async.py for tasks to queue
[2022-04-29 02:09:25,534] {logging_mixin.py:109} INFO - [2022-04-29 02:09:25,533] {dagbag.py:500} INFO - Filling up the DagBag from /home/airflow/.local/lib/python3.7/site-packages/airflow/example_dags/example_time_delta_sensor_async.py
[2022-04-29 02:09:25,625] {processor.py:652} INFO - DAG(s) dict_keys(['example_time_delta_sensor_async']) retrieved from /home/airflow/.local/lib/python3.7/site-packages/airflow/example_dags/example_time_delta_sensor_async.py
[2022-04-29 02:09:40,514] {logging_mixin.py:109} INFO - [2022-04-29 02:09:40,514] {manager.py:496} INFO - Created Permission View: can read on DAG:example_time_delta_sensor_async
[2022-04-29 02:09:40,555] {logging_mixin.py:109} INFO - [2022-04-29 02:09:40,555] {manager.py:496} INFO - Created Permission View: can edit on DAG:example_time_delta_sensor_async
[2022-04-29 02:09:40,558] {logging_mixin.py:109} INFO - [2022-04-29 02:09:40,557] {dag.py:2398} INFO - Sync 1 DAGs
[2022-04-29 02:09:40,586] {logging_mixin.py:109} INFO - [2022-04-29 02:09:40,585] {dag.py:2417} INFO - Creating ORM DAG for example_time_delta_sensor_async
[2022-04-29 02:09:40,615] {logging_mixin.py:109} INFO - [2022-04-29 02:09:40,614] {dag.py:2937} INFO - Setting next_dagrun for example_time_delta_sensor_async to None
[2022-04-29 02:09:40,662] {processor.py:171} INFO - Processing /home/airflow/.local/lib/python3.7/site-packages/airflow/example_dags/example_time_delta_sensor_async.py took 15.153 seconds
