[2022-04-29 01:42:10,191] {processor.py:163} INFO - Started process (PID=378) to work on /home/airflow/.local/lib/python3.7/site-packages/airflow/example_dags/example_branch_day_of_week_operator.py
[2022-04-29 01:42:10,195] {processor.py:642} INFO - Processing file /home/airflow/.local/lib/python3.7/site-packages/airflow/example_dags/example_branch_day_of_week_operator.py for tasks to queue
[2022-04-29 01:42:10,198] {logging_mixin.py:109} INFO - [2022-04-29 01:42:10,198] {dagbag.py:500} INFO - Filling up the DagBag from /home/airflow/.local/lib/python3.7/site-packages/airflow/example_dags/example_branch_day_of_week_operator.py
[2022-04-29 01:42:10,316] {processor.py:652} INFO - DAG(s) dict_keys(['example_weekday_branch_operator']) retrieved from /home/airflow/.local/lib/python3.7/site-packages/airflow/example_dags/example_branch_day_of_week_operator.py
[2022-04-29 01:42:24,709] {logging_mixin.py:109} INFO - [2022-04-29 01:42:24,708] {manager.py:496} INFO - Created Permission View: can edit on DAG:example_weekday_branch_operator
[2022-04-29 01:42:24,777] {logging_mixin.py:109} INFO - [2022-04-29 01:42:24,777] {manager.py:496} INFO - Created Permission View: can read on DAG:example_weekday_branch_operator
[2022-04-29 01:42:24,781] {logging_mixin.py:109} INFO - [2022-04-29 01:42:24,780] {dag.py:2398} INFO - Sync 1 DAGs
[2022-04-29 01:42:24,897] {logging_mixin.py:109} INFO - [2022-04-29 01:42:24,896] {dag.py:2417} INFO - Creating ORM DAG for example_weekday_branch_operator
[2022-04-29 01:42:25,029] {logging_mixin.py:109} INFO - [2022-04-29 01:42:25,029] {dag.py:2937} INFO - Setting next_dagrun for example_weekday_branch_operator to 2022-04-28 00:00:00+00:00
[2022-04-29 01:42:25,153] {processor.py:171} INFO - Processing /home/airflow/.local/lib/python3.7/site-packages/airflow/example_dags/example_branch_day_of_week_operator.py took 14.970 seconds
[2022-04-29 01:56:14,476] {processor.py:163} INFO - Started process (PID=278) to work on /home/airflow/.local/lib/python3.7/site-packages/airflow/example_dags/example_branch_day_of_week_operator.py
[2022-04-29 01:56:14,482] {processor.py:642} INFO - Processing file /home/airflow/.local/lib/python3.7/site-packages/airflow/example_dags/example_branch_day_of_week_operator.py for tasks to queue
[2022-04-29 01:56:14,498] {logging_mixin.py:109} INFO - [2022-04-29 01:56:14,498] {dagbag.py:500} INFO - Filling up the DagBag from /home/airflow/.local/lib/python3.7/site-packages/airflow/example_dags/example_branch_day_of_week_operator.py
[2022-04-29 01:56:14,865] {processor.py:652} INFO - DAG(s) dict_keys(['example_weekday_branch_operator']) retrieved from /home/airflow/.local/lib/python3.7/site-packages/airflow/example_dags/example_branch_day_of_week_operator.py
[2022-04-29 01:56:15,046] {logging_mixin.py:109} INFO - [2022-04-29 01:56:15,042] {dag.py:2398} INFO - Sync 1 DAGs
[2022-04-29 01:56:15,308] {logging_mixin.py:109} INFO - [2022-04-29 01:56:15,308] {dag.py:2937} INFO - Setting next_dagrun for example_weekday_branch_operator to 2022-04-28 00:00:00+00:00
[2022-04-29 01:56:15,390] {processor.py:171} INFO - Processing /home/airflow/.local/lib/python3.7/site-packages/airflow/example_dags/example_branch_day_of_week_operator.py took 0.930 seconds
[2022-04-29 02:09:07,072] {processor.py:163} INFO - Started process (PID=356) to work on /home/airflow/.local/lib/python3.7/site-packages/airflow/example_dags/example_branch_day_of_week_operator.py
[2022-04-29 02:09:07,078] {processor.py:642} INFO - Processing file /home/airflow/.local/lib/python3.7/site-packages/airflow/example_dags/example_branch_day_of_week_operator.py for tasks to queue
[2022-04-29 02:09:07,083] {logging_mixin.py:109} INFO - [2022-04-29 02:09:07,082] {dagbag.py:500} INFO - Filling up the DagBag from /home/airflow/.local/lib/python3.7/site-packages/airflow/example_dags/example_branch_day_of_week_operator.py
[2022-04-29 02:09:07,222] {processor.py:652} INFO - DAG(s) dict_keys(['example_weekday_branch_operator']) retrieved from /home/airflow/.local/lib/python3.7/site-packages/airflow/example_dags/example_branch_day_of_week_operator.py
[2022-04-29 02:09:24,043] {logging_mixin.py:109} INFO - [2022-04-29 02:09:24,043] {manager.py:496} INFO - Created Permission View: can read on DAG:example_weekday_branch_operator
[2022-04-29 02:09:24,084] {logging_mixin.py:109} INFO - [2022-04-29 02:09:24,084] {manager.py:496} INFO - Created Permission View: can edit on DAG:example_weekday_branch_operator
[2022-04-29 02:09:24,087] {logging_mixin.py:109} INFO - [2022-04-29 02:09:24,086] {dag.py:2398} INFO - Sync 1 DAGs
[2022-04-29 02:09:24,115] {logging_mixin.py:109} INFO - [2022-04-29 02:09:24,114] {dag.py:2417} INFO - Creating ORM DAG for example_weekday_branch_operator
[2022-04-29 02:09:24,168] {logging_mixin.py:109} INFO - [2022-04-29 02:09:24,168] {dag.py:2937} INFO - Setting next_dagrun for example_weekday_branch_operator to 2022-04-28 00:00:00+00:00
[2022-04-29 02:09:24,209] {processor.py:171} INFO - Processing /home/airflow/.local/lib/python3.7/site-packages/airflow/example_dags/example_branch_day_of_week_operator.py took 17.140 seconds
