[2022-04-29 01:40:58,834] {processor.py:163} INFO - Started process (PID=301) to work on /home/airflow/.local/lib/python3.7/site-packages/airflow/example_dags/example_branch_labels.py
[2022-04-29 01:40:58,841] {processor.py:642} INFO - Processing file /home/airflow/.local/lib/python3.7/site-packages/airflow/example_dags/example_branch_labels.py for tasks to queue
[2022-04-29 01:40:58,853] {logging_mixin.py:109} INFO - [2022-04-29 01:40:58,852] {dagbag.py:500} INFO - Filling up the DagBag from /home/airflow/.local/lib/python3.7/site-packages/airflow/example_dags/example_branch_labels.py
[2022-04-29 01:40:59,340] {processor.py:652} INFO - DAG(s) dict_keys(['example_branch_labels']) retrieved from /home/airflow/.local/lib/python3.7/site-packages/airflow/example_dags/example_branch_labels.py
[2022-04-29 01:41:51,569] {processor.py:163} INFO - Started process (PID=352) to work on /home/airflow/.local/lib/python3.7/site-packages/airflow/example_dags/example_branch_labels.py
[2022-04-29 01:41:51,577] {processor.py:642} INFO - Processing file /home/airflow/.local/lib/python3.7/site-packages/airflow/example_dags/example_branch_labels.py for tasks to queue
[2022-04-29 01:41:51,610] {logging_mixin.py:109} INFO - [2022-04-29 01:41:51,590] {dagbag.py:500} INFO - Filling up the DagBag from /home/airflow/.local/lib/python3.7/site-packages/airflow/example_dags/example_branch_labels.py
[2022-04-29 01:41:51,843] {processor.py:652} INFO - DAG(s) dict_keys(['example_branch_labels']) retrieved from /home/airflow/.local/lib/python3.7/site-packages/airflow/example_dags/example_branch_labels.py
[2022-04-29 01:42:09,775] {logging_mixin.py:109} INFO - [2022-04-29 01:42:09,775] {manager.py:496} INFO - Created Permission View: can edit on DAG:example_branch_labels
[2022-04-29 01:42:09,836] {logging_mixin.py:109} INFO - [2022-04-29 01:42:09,836] {manager.py:496} INFO - Created Permission View: can read on DAG:example_branch_labels
[2022-04-29 01:42:09,841] {logging_mixin.py:109} INFO - [2022-04-29 01:42:09,839] {dag.py:2398} INFO - Sync 1 DAGs
[2022-04-29 01:42:09,905] {logging_mixin.py:109} INFO - [2022-04-29 01:42:09,904] {dag.py:2417} INFO - Creating ORM DAG for example_branch_labels
[2022-04-29 01:42:09,985] {logging_mixin.py:109} INFO - [2022-04-29 01:42:09,984] {dag.py:2937} INFO - Setting next_dagrun for example_branch_labels to 2022-04-28 00:00:00+00:00
[2022-04-29 01:42:10,065] {processor.py:171} INFO - Processing /home/airflow/.local/lib/python3.7/site-packages/airflow/example_dags/example_branch_labels.py took 18.540 seconds
[2022-04-29 01:56:13,188] {processor.py:163} INFO - Started process (PID=275) to work on /home/airflow/.local/lib/python3.7/site-packages/airflow/example_dags/example_branch_labels.py
[2022-04-29 01:56:13,206] {processor.py:642} INFO - Processing file /home/airflow/.local/lib/python3.7/site-packages/airflow/example_dags/example_branch_labels.py for tasks to queue
[2022-04-29 01:56:13,215] {logging_mixin.py:109} INFO - [2022-04-29 01:56:13,214] {dagbag.py:500} INFO - Filling up the DagBag from /home/airflow/.local/lib/python3.7/site-packages/airflow/example_dags/example_branch_labels.py
[2022-04-29 01:56:13,851] {processor.py:652} INFO - DAG(s) dict_keys(['example_branch_labels']) retrieved from /home/airflow/.local/lib/python3.7/site-packages/airflow/example_dags/example_branch_labels.py
[2022-04-29 01:56:14,024] {logging_mixin.py:109} INFO - [2022-04-29 01:56:14,024] {dag.py:2398} INFO - Sync 1 DAGs
[2022-04-29 01:56:14,281] {logging_mixin.py:109} INFO - [2022-04-29 01:56:14,279] {dag.py:2937} INFO - Setting next_dagrun for example_branch_labels to 2022-04-28 00:00:00+00:00
[2022-04-29 01:56:14,366] {processor.py:171} INFO - Processing /home/airflow/.local/lib/python3.7/site-packages/airflow/example_dags/example_branch_labels.py took 1.201 seconds
[2022-04-29 02:07:49,030] {processor.py:163} INFO - Started process (PID=270) to work on /home/airflow/.local/lib/python3.7/site-packages/airflow/example_dags/example_branch_labels.py
[2022-04-29 02:07:49,067] {processor.py:642} INFO - Processing file /home/airflow/.local/lib/python3.7/site-packages/airflow/example_dags/example_branch_labels.py for tasks to queue
[2022-04-29 02:07:49,081] {logging_mixin.py:109} INFO - [2022-04-29 02:07:49,080] {dagbag.py:500} INFO - Filling up the DagBag from /home/airflow/.local/lib/python3.7/site-packages/airflow/example_dags/example_branch_labels.py
[2022-04-29 02:07:49,841] {processor.py:652} INFO - DAG(s) dict_keys(['example_branch_labels']) retrieved from /home/airflow/.local/lib/python3.7/site-packages/airflow/example_dags/example_branch_labels.py
[2022-04-29 02:08:40,354] {processor.py:163} INFO - Started process (PID=325) to work on /home/airflow/.local/lib/python3.7/site-packages/airflow/example_dags/example_branch_labels.py
[2022-04-29 02:08:40,380] {processor.py:642} INFO - Processing file /home/airflow/.local/lib/python3.7/site-packages/airflow/example_dags/example_branch_labels.py for tasks to queue
[2022-04-29 02:08:40,391] {logging_mixin.py:109} INFO - [2022-04-29 02:08:40,390] {dagbag.py:500} INFO - Filling up the DagBag from /home/airflow/.local/lib/python3.7/site-packages/airflow/example_dags/example_branch_labels.py
[2022-04-29 02:08:41,004] {processor.py:652} INFO - DAG(s) dict_keys(['example_branch_labels']) retrieved from /home/airflow/.local/lib/python3.7/site-packages/airflow/example_dags/example_branch_labels.py
[2022-04-29 02:09:06,648] {logging_mixin.py:109} INFO - [2022-04-29 02:09:06,647] {manager.py:496} INFO - Created Permission View: can read on DAG:example_branch_labels
[2022-04-29 02:09:06,694] {logging_mixin.py:109} INFO - [2022-04-29 02:09:06,693] {manager.py:496} INFO - Created Permission View: can edit on DAG:example_branch_labels
[2022-04-29 02:09:06,700] {logging_mixin.py:109} INFO - [2022-04-29 02:09:06,699] {dag.py:2398} INFO - Sync 1 DAGs
[2022-04-29 02:09:06,770] {logging_mixin.py:109} INFO - [2022-04-29 02:09:06,767] {dag.py:2417} INFO - Creating ORM DAG for example_branch_labels
[2022-04-29 02:09:06,864] {logging_mixin.py:109} INFO - [2022-04-29 02:09:06,858] {dag.py:2937} INFO - Setting next_dagrun for example_branch_labels to 2022-04-28 00:00:00+00:00
[2022-04-29 02:09:06,945] {processor.py:171} INFO - Processing /home/airflow/.local/lib/python3.7/site-packages/airflow/example_dags/example_branch_labels.py took 26.609 seconds
