[2022-04-29 01:42:55,577] {processor.py:163} INFO - Started process (PID=449) to work on /home/airflow/.local/lib/python3.7/site-packages/airflow/example_dags/example_trigger_target_dag.py
[2022-04-29 01:42:55,581] {processor.py:642} INFO - Processing file /home/airflow/.local/lib/python3.7/site-packages/airflow/example_dags/example_trigger_target_dag.py for tasks to queue
[2022-04-29 01:42:55,585] {logging_mixin.py:109} INFO - [2022-04-29 01:42:55,584] {dagbag.py:500} INFO - Filling up the DagBag from /home/airflow/.local/lib/python3.7/site-packages/airflow/example_dags/example_trigger_target_dag.py
[2022-04-29 01:42:55,659] {processor.py:652} INFO - DAG(s) dict_keys(['example_trigger_target_dag']) retrieved from /home/airflow/.local/lib/python3.7/site-packages/airflow/example_dags/example_trigger_target_dag.py
[2022-04-29 01:43:11,628] {logging_mixin.py:109} INFO - [2022-04-29 01:43:11,628] {manager.py:496} INFO - Created Permission View: can edit on DAG:example_trigger_target_dag
[2022-04-29 01:43:11,698] {logging_mixin.py:109} INFO - [2022-04-29 01:43:11,697] {manager.py:496} INFO - Created Permission View: can read on DAG:example_trigger_target_dag
[2022-04-29 01:43:11,701] {logging_mixin.py:109} INFO - [2022-04-29 01:43:11,700] {dag.py:2398} INFO - Sync 1 DAGs
[2022-04-29 01:43:11,758] {logging_mixin.py:109} INFO - [2022-04-29 01:43:11,757] {dag.py:2417} INFO - Creating ORM DAG for example_trigger_target_dag
[2022-04-29 01:43:11,785] {logging_mixin.py:109} INFO - [2022-04-29 01:43:11,785] {dag.py:2937} INFO - Setting next_dagrun for example_trigger_target_dag to None
[2022-04-29 01:43:11,832] {processor.py:171} INFO - Processing /home/airflow/.local/lib/python3.7/site-packages/airflow/example_dags/example_trigger_target_dag.py took 16.261 seconds
[2022-04-29 01:56:18,048] {processor.py:163} INFO - Started process (PID=296) to work on /home/airflow/.local/lib/python3.7/site-packages/airflow/example_dags/example_trigger_target_dag.py
[2022-04-29 01:56:18,055] {processor.py:642} INFO - Processing file /home/airflow/.local/lib/python3.7/site-packages/airflow/example_dags/example_trigger_target_dag.py for tasks to queue
[2022-04-29 01:56:18,062] {logging_mixin.py:109} INFO - [2022-04-29 01:56:18,062] {dagbag.py:500} INFO - Filling up the DagBag from /home/airflow/.local/lib/python3.7/site-packages/airflow/example_dags/example_trigger_target_dag.py
[2022-04-29 01:56:18,267] {processor.py:652} INFO - DAG(s) dict_keys(['example_trigger_target_dag']) retrieved from /home/airflow/.local/lib/python3.7/site-packages/airflow/example_dags/example_trigger_target_dag.py
[2022-04-29 01:56:18,387] {logging_mixin.py:109} INFO - [2022-04-29 01:56:18,387] {dag.py:2398} INFO - Sync 1 DAGs
[2022-04-29 01:56:18,509] {logging_mixin.py:109} INFO - [2022-04-29 01:56:18,508] {dag.py:2937} INFO - Setting next_dagrun for example_trigger_target_dag to None
[2022-04-29 01:56:18,588] {processor.py:171} INFO - Processing /home/airflow/.local/lib/python3.7/site-packages/airflow/example_dags/example_trigger_target_dag.py took 0.554 seconds
[2022-04-29 02:09:47,479] {processor.py:163} INFO - Started process (PID=426) to work on /home/airflow/.local/lib/python3.7/site-packages/airflow/example_dags/example_trigger_target_dag.py
[2022-04-29 02:09:47,482] {processor.py:642} INFO - Processing file /home/airflow/.local/lib/python3.7/site-packages/airflow/example_dags/example_trigger_target_dag.py for tasks to queue
[2022-04-29 02:09:47,485] {logging_mixin.py:109} INFO - [2022-04-29 02:09:47,485] {dagbag.py:500} INFO - Filling up the DagBag from /home/airflow/.local/lib/python3.7/site-packages/airflow/example_dags/example_trigger_target_dag.py
[2022-04-29 02:09:47,544] {processor.py:652} INFO - DAG(s) dict_keys(['example_trigger_target_dag']) retrieved from /home/airflow/.local/lib/python3.7/site-packages/airflow/example_dags/example_trigger_target_dag.py
[2022-04-29 02:10:01,650] {logging_mixin.py:109} INFO - [2022-04-29 02:10:01,649] {manager.py:496} INFO - Created Permission View: can read on DAG:example_trigger_target_dag
[2022-04-29 02:10:01,676] {logging_mixin.py:109} INFO - [2022-04-29 02:10:01,675] {manager.py:496} INFO - Created Permission View: can edit on DAG:example_trigger_target_dag
[2022-04-29 02:10:01,680] {logging_mixin.py:109} INFO - [2022-04-29 02:10:01,678] {dag.py:2398} INFO - Sync 1 DAGs
[2022-04-29 02:10:01,715] {logging_mixin.py:109} INFO - [2022-04-29 02:10:01,714] {dag.py:2417} INFO - Creating ORM DAG for example_trigger_target_dag
[2022-04-29 02:10:01,750] {logging_mixin.py:109} INFO - [2022-04-29 02:10:01,750] {dag.py:2937} INFO - Setting next_dagrun for example_trigger_target_dag to None
[2022-04-29 02:10:01,801] {processor.py:171} INFO - Processing /home/airflow/.local/lib/python3.7/site-packages/airflow/example_dags/example_trigger_target_dag.py took 14.328 seconds
