[2022-04-29 01:43:46,198] {processor.py:163} INFO - Started process (PID=538) to work on /home/airflow/.local/lib/python3.7/site-packages/airflow/example_dags/example_subdag_operator.py
[2022-04-29 01:43:46,212] {processor.py:642} INFO - Processing file /home/airflow/.local/lib/python3.7/site-packages/airflow/example_dags/example_subdag_operator.py for tasks to queue
[2022-04-29 01:43:46,218] {logging_mixin.py:109} INFO - [2022-04-29 01:43:46,218] {dagbag.py:500} INFO - Filling up the DagBag from /home/airflow/.local/lib/python3.7/site-packages/airflow/example_dags/example_subdag_operator.py
[2022-04-29 01:43:46,418] {processor.py:652} INFO - DAG(s) dict_keys(['example_subdag_operator.section-1', 'example_subdag_operator.section-2', 'example_subdag_operator']) retrieved from /home/airflow/.local/lib/python3.7/site-packages/airflow/example_dags/example_subdag_operator.py
[2022-04-29 01:43:57,966] {logging_mixin.py:109} INFO - [2022-04-29 01:43:57,965] {manager.py:496} INFO - Created Permission View: can edit on DAG:example_subdag_operator
[2022-04-29 01:43:57,999] {logging_mixin.py:109} INFO - [2022-04-29 01:43:57,999] {manager.py:496} INFO - Created Permission View: can read on DAG:example_subdag_operator
[2022-04-29 01:43:58,003] {logging_mixin.py:109} INFO - [2022-04-29 01:43:58,002] {dag.py:2398} INFO - Sync 3 DAGs
[2022-04-29 01:43:58,035] {logging_mixin.py:109} INFO - [2022-04-29 01:43:58,034] {dag.py:2417} INFO - Creating ORM DAG for example_subdag_operator
[2022-04-29 01:43:58,039] {logging_mixin.py:109} INFO - [2022-04-29 01:43:58,038] {dag.py:2417} INFO - Creating ORM DAG for example_subdag_operator.section-2
[2022-04-29 01:43:58,042] {logging_mixin.py:109} INFO - [2022-04-29 01:43:58,042] {dag.py:2417} INFO - Creating ORM DAG for example_subdag_operator.section-1
[2022-04-29 01:43:58,072] {logging_mixin.py:109} INFO - [2022-04-29 01:43:58,071] {dag.py:2937} INFO - Setting next_dagrun for example_subdag_operator to 2022-04-27T00:00:00+00:00
[2022-04-29 01:43:58,075] {logging_mixin.py:109} INFO - [2022-04-29 01:43:58,075] {dag.py:2937} INFO - Setting next_dagrun for example_subdag_operator.section-1 to None
[2022-04-29 01:43:58,078] {logging_mixin.py:109} INFO - [2022-04-29 01:43:58,077] {dag.py:2937} INFO - Setting next_dagrun for example_subdag_operator.section-2 to None
[2022-04-29 01:43:58,128] {logging_mixin.py:109} INFO - [2022-04-29 01:43:58,127] {dag.py:2398} INFO - Sync 2 DAGs
[2022-04-29 01:43:58,181] {logging_mixin.py:109} INFO - [2022-04-29 01:43:58,181] {dag.py:2937} INFO - Setting next_dagrun for example_subdag_operator.section-1 to None
[2022-04-29 01:43:58,184] {logging_mixin.py:109} INFO - [2022-04-29 01:43:58,184] {dag.py:2937} INFO - Setting next_dagrun for example_subdag_operator.section-2 to None
[2022-04-29 01:43:58,217] {processor.py:171} INFO - Processing /home/airflow/.local/lib/python3.7/site-packages/airflow/example_dags/example_subdag_operator.py took 12.029 seconds
[2022-04-29 01:56:23,954] {processor.py:163} INFO - Started process (PID=310) to work on /home/airflow/.local/lib/python3.7/site-packages/airflow/example_dags/example_subdag_operator.py
[2022-04-29 01:56:23,962] {processor.py:642} INFO - Processing file /home/airflow/.local/lib/python3.7/site-packages/airflow/example_dags/example_subdag_operator.py for tasks to queue
[2022-04-29 01:56:23,968] {logging_mixin.py:109} INFO - [2022-04-29 01:56:23,967] {dagbag.py:500} INFO - Filling up the DagBag from /home/airflow/.local/lib/python3.7/site-packages/airflow/example_dags/example_subdag_operator.py
[2022-04-29 01:56:24,147] {processor.py:652} INFO - DAG(s) dict_keys(['example_subdag_operator.section-1', 'example_subdag_operator.section-2', 'example_subdag_operator']) retrieved from /home/airflow/.local/lib/python3.7/site-packages/airflow/example_dags/example_subdag_operator.py
[2022-04-29 01:56:24,213] {logging_mixin.py:109} INFO - [2022-04-29 01:56:24,213] {dag.py:2398} INFO - Sync 3 DAGs
[2022-04-29 01:56:24,283] {logging_mixin.py:109} INFO - [2022-04-29 01:56:24,282] {dag.py:2937} INFO - Setting next_dagrun for example_subdag_operator to 2022-04-27T00:00:00+00:00
[2022-04-29 01:56:24,288] {logging_mixin.py:109} INFO - [2022-04-29 01:56:24,288] {dag.py:2937} INFO - Setting next_dagrun for example_subdag_operator.section-1 to None
[2022-04-29 01:56:24,291] {logging_mixin.py:109} INFO - [2022-04-29 01:56:24,291] {dag.py:2937} INFO - Setting next_dagrun for example_subdag_operator.section-2 to None
[2022-04-29 01:56:24,323] {logging_mixin.py:109} INFO - [2022-04-29 01:56:24,322] {dag.py:2398} INFO - Sync 2 DAGs
[2022-04-29 01:56:24,385] {logging_mixin.py:109} INFO - [2022-04-29 01:56:24,385] {dag.py:2937} INFO - Setting next_dagrun for example_subdag_operator.section-1 to None
[2022-04-29 01:56:24,389] {logging_mixin.py:109} INFO - [2022-04-29 01:56:24,389] {dag.py:2937} INFO - Setting next_dagrun for example_subdag_operator.section-2 to None
[2022-04-29 01:56:24,425] {processor.py:171} INFO - Processing /home/airflow/.local/lib/python3.7/site-packages/airflow/example_dags/example_subdag_operator.py took 0.483 seconds
