[2022-04-29 01:42:42,613] {processor.py:163} INFO - Started process (PID=431) to work on /home/airflow/.local/lib/python3.7/site-packages/airflow/example_dags/example_bash_operator.py
[2022-04-29 01:42:42,628] {processor.py:642} INFO - Processing file /home/airflow/.local/lib/python3.7/site-packages/airflow/example_dags/example_bash_operator.py for tasks to queue
[2022-04-29 01:42:42,632] {logging_mixin.py:109} INFO - [2022-04-29 01:42:42,632] {dagbag.py:500} INFO - Filling up the DagBag from /home/airflow/.local/lib/python3.7/site-packages/airflow/example_dags/example_bash_operator.py
[2022-04-29 01:42:42,869] {processor.py:652} INFO - DAG(s) dict_keys(['example_bash_operator']) retrieved from /home/airflow/.local/lib/python3.7/site-packages/airflow/example_dags/example_bash_operator.py
[2022-04-29 01:42:55,219] {logging_mixin.py:109} INFO - [2022-04-29 01:42:55,219] {manager.py:496} INFO - Created Permission View: can edit on DAG:example_bash_operator
[2022-04-29 01:42:55,252] {logging_mixin.py:109} INFO - [2022-04-29 01:42:55,252] {manager.py:496} INFO - Created Permission View: can read on DAG:example_bash_operator
[2022-04-29 01:42:55,255] {logging_mixin.py:109} INFO - [2022-04-29 01:42:55,254] {dag.py:2398} INFO - Sync 1 DAGs
[2022-04-29 01:42:55,284] {logging_mixin.py:109} INFO - [2022-04-29 01:42:55,283] {dag.py:2417} INFO - Creating ORM DAG for example_bash_operator
[2022-04-29 01:42:55,332] {logging_mixin.py:109} INFO - [2022-04-29 01:42:55,331] {dag.py:2937} INFO - Setting next_dagrun for example_bash_operator to 2022-04-28 00:00:00+00:00
[2022-04-29 01:42:55,429] {processor.py:171} INFO - Processing /home/airflow/.local/lib/python3.7/site-packages/airflow/example_dags/example_bash_operator.py took 12.829 seconds
[2022-04-29 01:56:16,161] {processor.py:163} INFO - Started process (PID=286) to work on /home/airflow/.local/lib/python3.7/site-packages/airflow/example_dags/example_bash_operator.py
[2022-04-29 01:56:16,175] {processor.py:642} INFO - Processing file /home/airflow/.local/lib/python3.7/site-packages/airflow/example_dags/example_bash_operator.py for tasks to queue
[2022-04-29 01:56:16,189] {logging_mixin.py:109} INFO - [2022-04-29 01:56:16,189] {dagbag.py:500} INFO - Filling up the DagBag from /home/airflow/.local/lib/python3.7/site-packages/airflow/example_dags/example_bash_operator.py
[2022-04-29 01:56:16,539] {processor.py:652} INFO - DAG(s) dict_keys(['example_bash_operator']) retrieved from /home/airflow/.local/lib/python3.7/site-packages/airflow/example_dags/example_bash_operator.py
[2022-04-29 01:56:16,760] {logging_mixin.py:109} INFO - [2022-04-29 01:56:16,760] {dag.py:2398} INFO - Sync 1 DAGs
[2022-04-29 01:56:17,015] {logging_mixin.py:109} INFO - [2022-04-29 01:56:17,014] {dag.py:2937} INFO - Setting next_dagrun for example_bash_operator to 2022-04-28 00:00:00+00:00
[2022-04-29 01:56:17,122] {processor.py:171} INFO - Processing /home/airflow/.local/lib/python3.7/site-packages/airflow/example_dags/example_bash_operator.py took 0.982 seconds
[2022-04-29 02:09:36,926] {processor.py:163} INFO - Started process (PID=414) to work on /home/airflow/.local/lib/python3.7/site-packages/airflow/example_dags/example_bash_operator.py
[2022-04-29 02:09:36,932] {processor.py:642} INFO - Processing file /home/airflow/.local/lib/python3.7/site-packages/airflow/example_dags/example_bash_operator.py for tasks to queue
[2022-04-29 02:09:36,935] {logging_mixin.py:109} INFO - [2022-04-29 02:09:36,935] {dagbag.py:500} INFO - Filling up the DagBag from /home/airflow/.local/lib/python3.7/site-packages/airflow/example_dags/example_bash_operator.py
[2022-04-29 02:09:37,037] {processor.py:652} INFO - DAG(s) dict_keys(['example_bash_operator']) retrieved from /home/airflow/.local/lib/python3.7/site-packages/airflow/example_dags/example_bash_operator.py
[2022-04-29 02:09:47,303] {logging_mixin.py:109} INFO - [2022-04-29 02:09:47,303] {manager.py:496} INFO - Created Permission View: can read on DAG:example_bash_operator
[2022-04-29 02:09:47,326] {logging_mixin.py:109} INFO - [2022-04-29 02:09:47,326] {manager.py:496} INFO - Created Permission View: can edit on DAG:example_bash_operator
[2022-04-29 02:09:47,330] {logging_mixin.py:109} INFO - [2022-04-29 02:09:47,329] {dag.py:2398} INFO - Sync 1 DAGs
[2022-04-29 02:09:47,353] {logging_mixin.py:109} INFO - [2022-04-29 02:09:47,352] {dag.py:2417} INFO - Creating ORM DAG for example_bash_operator
[2022-04-29 02:09:47,388] {logging_mixin.py:109} INFO - [2022-04-29 02:09:47,388] {dag.py:2937} INFO - Setting next_dagrun for example_bash_operator to 2022-04-28 00:00:00+00:00
[2022-04-29 02:09:47,425] {processor.py:171} INFO - Processing /home/airflow/.local/lib/python3.7/site-packages/airflow/example_dags/example_bash_operator.py took 10.506 seconds
