[2022-04-29 01:42:56,394] {processor.py:163} INFO - Started process (PID=451) to work on /home/airflow/.local/lib/python3.7/site-packages/airflow/example_dags/example_trigger_controller_dag.py
[2022-04-29 01:42:56,399] {processor.py:642} INFO - Processing file /home/airflow/.local/lib/python3.7/site-packages/airflow/example_dags/example_trigger_controller_dag.py for tasks to queue
[2022-04-29 01:42:56,401] {logging_mixin.py:109} INFO - [2022-04-29 01:42:56,401] {dagbag.py:500} INFO - Filling up the DagBag from /home/airflow/.local/lib/python3.7/site-packages/airflow/example_dags/example_trigger_controller_dag.py
[2022-04-29 01:42:56,463] {processor.py:652} INFO - DAG(s) dict_keys(['example_trigger_controller_dag']) retrieved from /home/airflow/.local/lib/python3.7/site-packages/airflow/example_dags/example_trigger_controller_dag.py
[2022-04-29 01:43:13,296] {logging_mixin.py:109} INFO - [2022-04-29 01:43:13,295] {manager.py:496} INFO - Created Permission View: can edit on DAG:example_trigger_controller_dag
[2022-04-29 01:43:13,330] {logging_mixin.py:109} INFO - [2022-04-29 01:43:13,330] {manager.py:496} INFO - Created Permission View: can read on DAG:example_trigger_controller_dag
[2022-04-29 01:43:13,333] {logging_mixin.py:109} INFO - [2022-04-29 01:43:13,332] {dag.py:2398} INFO - Sync 1 DAGs
[2022-04-29 01:43:13,364] {logging_mixin.py:109} INFO - [2022-04-29 01:43:13,363] {dag.py:2417} INFO - Creating ORM DAG for example_trigger_controller_dag
[2022-04-29 01:43:13,422] {logging_mixin.py:109} INFO - [2022-04-29 01:43:13,422] {dag.py:2937} INFO - Setting next_dagrun for example_trigger_controller_dag to 2021-01-01T00:00:00+00:00
[2022-04-29 01:43:13,522] {processor.py:171} INFO - Processing /home/airflow/.local/lib/python3.7/site-packages/airflow/example_dags/example_trigger_controller_dag.py took 17.135 seconds
[2022-04-29 01:56:18,673] {processor.py:163} INFO - Started process (PID=298) to work on /home/airflow/.local/lib/python3.7/site-packages/airflow/example_dags/example_trigger_controller_dag.py
[2022-04-29 01:56:18,687] {processor.py:642} INFO - Processing file /home/airflow/.local/lib/python3.7/site-packages/airflow/example_dags/example_trigger_controller_dag.py for tasks to queue
[2022-04-29 01:56:18,695] {logging_mixin.py:109} INFO - [2022-04-29 01:56:18,693] {dagbag.py:500} INFO - Filling up the DagBag from /home/airflow/.local/lib/python3.7/site-packages/airflow/example_dags/example_trigger_controller_dag.py
[2022-04-29 01:56:18,865] {processor.py:652} INFO - DAG(s) dict_keys(['example_trigger_controller_dag']) retrieved from /home/airflow/.local/lib/python3.7/site-packages/airflow/example_dags/example_trigger_controller_dag.py
[2022-04-29 01:56:18,998] {logging_mixin.py:109} INFO - [2022-04-29 01:56:18,998] {dag.py:2398} INFO - Sync 1 DAGs
[2022-04-29 01:56:19,179] {logging_mixin.py:109} INFO - [2022-04-29 01:56:19,174] {dag.py:2937} INFO - Setting next_dagrun for example_trigger_controller_dag to 2021-01-01T00:00:00+00:00
[2022-04-29 01:56:19,263] {processor.py:171} INFO - Processing /home/airflow/.local/lib/python3.7/site-packages/airflow/example_dags/example_trigger_controller_dag.py took 0.606 seconds
[2022-04-29 02:09:50,144] {processor.py:163} INFO - Started process (PID=441) to work on /home/airflow/.local/lib/python3.7/site-packages/airflow/example_dags/example_trigger_controller_dag.py
[2022-04-29 02:09:50,151] {processor.py:642} INFO - Processing file /home/airflow/.local/lib/python3.7/site-packages/airflow/example_dags/example_trigger_controller_dag.py for tasks to queue
[2022-04-29 02:09:50,157] {logging_mixin.py:109} INFO - [2022-04-29 02:09:50,156] {dagbag.py:500} INFO - Filling up the DagBag from /home/airflow/.local/lib/python3.7/site-packages/airflow/example_dags/example_trigger_controller_dag.py
[2022-04-29 02:09:50,364] {processor.py:652} INFO - DAG(s) dict_keys(['example_trigger_controller_dag']) retrieved from /home/airflow/.local/lib/python3.7/site-packages/airflow/example_dags/example_trigger_controller_dag.py
