[2022-04-29 01:43:44,576] {processor.py:163} INFO - Started process (PID=536) to work on /home/airflow/.local/lib/python3.7/site-packages/airflow/example_dags/example_xcomargs.py
[2022-04-29 01:43:44,584] {processor.py:642} INFO - Processing file /home/airflow/.local/lib/python3.7/site-packages/airflow/example_dags/example_xcomargs.py for tasks to queue
[2022-04-29 01:43:44,591] {logging_mixin.py:109} INFO - [2022-04-29 01:43:44,591] {dagbag.py:500} INFO - Filling up the DagBag from /home/airflow/.local/lib/python3.7/site-packages/airflow/example_dags/example_xcomargs.py
[2022-04-29 01:43:44,794] {processor.py:652} INFO - DAG(s) dict_keys(['example_xcom_args', 'example_xcom_args_with_operators']) retrieved from /home/airflow/.local/lib/python3.7/site-packages/airflow/example_dags/example_xcomargs.py
[2022-04-29 01:43:56,504] {logging_mixin.py:109} INFO - [2022-04-29 01:43:56,504] {manager.py:496} INFO - Created Permission View: can edit on DAG:example_xcom_args
[2022-04-29 01:43:56,555] {logging_mixin.py:109} INFO - [2022-04-29 01:43:56,555] {manager.py:496} INFO - Created Permission View: can read on DAG:example_xcom_args
[2022-04-29 01:43:56,639] {logging_mixin.py:109} INFO - [2022-04-29 01:43:56,638] {manager.py:496} INFO - Created Permission View: can edit on DAG:example_xcom_args_with_operators
[2022-04-29 01:43:56,675] {logging_mixin.py:109} INFO - [2022-04-29 01:43:56,675] {manager.py:496} INFO - Created Permission View: can read on DAG:example_xcom_args_with_operators
[2022-04-29 01:43:56,683] {logging_mixin.py:109} INFO - [2022-04-29 01:43:56,682] {dag.py:2398} INFO - Sync 2 DAGs
[2022-04-29 01:43:56,712] {logging_mixin.py:109} INFO - [2022-04-29 01:43:56,711] {dag.py:2417} INFO - Creating ORM DAG for example_xcom_args_with_operators
[2022-04-29 01:43:56,716] {logging_mixin.py:109} INFO - [2022-04-29 01:43:56,715] {dag.py:2417} INFO - Creating ORM DAG for example_xcom_args
[2022-04-29 01:43:56,750] {logging_mixin.py:109} INFO - [2022-04-29 01:43:56,749] {dag.py:2937} INFO - Setting next_dagrun for example_xcom_args to None
[2022-04-29 01:43:56,753] {logging_mixin.py:109} INFO - [2022-04-29 01:43:56,752] {dag.py:2937} INFO - Setting next_dagrun for example_xcom_args_with_operators to None
[2022-04-29 01:43:56,795] {processor.py:171} INFO - Processing /home/airflow/.local/lib/python3.7/site-packages/airflow/example_dags/example_xcomargs.py took 12.225 seconds
[2022-04-29 01:56:23,422] {processor.py:163} INFO - Started process (PID=308) to work on /home/airflow/.local/lib/python3.7/site-packages/airflow/example_dags/example_xcomargs.py
[2022-04-29 01:56:23,428] {processor.py:642} INFO - Processing file /home/airflow/.local/lib/python3.7/site-packages/airflow/example_dags/example_xcomargs.py for tasks to queue
[2022-04-29 01:56:23,436] {logging_mixin.py:109} INFO - [2022-04-29 01:56:23,435] {dagbag.py:500} INFO - Filling up the DagBag from /home/airflow/.local/lib/python3.7/site-packages/airflow/example_dags/example_xcomargs.py
[2022-04-29 01:56:23,581] {processor.py:652} INFO - DAG(s) dict_keys(['example_xcom_args', 'example_xcom_args_with_operators']) retrieved from /home/airflow/.local/lib/python3.7/site-packages/airflow/example_dags/example_xcomargs.py
[2022-04-29 01:56:25,798] {logging_mixin.py:109} INFO - [2022-04-29 01:56:25,797] {dag.py:2398} INFO - Sync 2 DAGs
[2022-04-29 01:56:25,963] {logging_mixin.py:109} INFO - [2022-04-29 01:56:25,963] {dag.py:2937} INFO - Setting next_dagrun for example_xcom_args to None
[2022-04-29 01:56:25,972] {logging_mixin.py:109} INFO - [2022-04-29 01:56:25,971] {dag.py:2937} INFO - Setting next_dagrun for example_xcom_args_with_operators to None
[2022-04-29 01:56:26,081] {processor.py:171} INFO - Processing /home/airflow/.local/lib/python3.7/site-packages/airflow/example_dags/example_xcomargs.py took 2.690 seconds
