[2022-04-29 01:40:58,824] {processor.py:163} INFO - Started process (PID=299) to work on /home/airflow/.local/lib/python3.7/site-packages/airflow/example_dags/example_branch_python_dop_operator_3.py
[2022-04-29 01:40:58,849] {processor.py:642} INFO - Processing file /home/airflow/.local/lib/python3.7/site-packages/airflow/example_dags/example_branch_python_dop_operator_3.py for tasks to queue
[2022-04-29 01:40:58,857] {logging_mixin.py:109} INFO - [2022-04-29 01:40:58,857] {dagbag.py:500} INFO - Filling up the DagBag from /home/airflow/.local/lib/python3.7/site-packages/airflow/example_dags/example_branch_python_dop_operator_3.py
[2022-04-29 01:40:59,320] {processor.py:652} INFO - DAG(s) dict_keys(['example_branch_dop_operator_v3']) retrieved from /home/airflow/.local/lib/python3.7/site-packages/airflow/example_dags/example_branch_python_dop_operator_3.py
[2022-04-29 01:41:51,530] {processor.py:163} INFO - Started process (PID=350) to work on /home/airflow/.local/lib/python3.7/site-packages/airflow/example_dags/example_branch_python_dop_operator_3.py
[2022-04-29 01:41:51,549] {processor.py:642} INFO - Processing file /home/airflow/.local/lib/python3.7/site-packages/airflow/example_dags/example_branch_python_dop_operator_3.py for tasks to queue
[2022-04-29 01:41:51,557] {logging_mixin.py:109} INFO - [2022-04-29 01:41:51,554] {dagbag.py:500} INFO - Filling up the DagBag from /home/airflow/.local/lib/python3.7/site-packages/airflow/example_dags/example_branch_python_dop_operator_3.py
[2022-04-29 01:41:51,735] {processor.py:652} INFO - DAG(s) dict_keys(['example_branch_dop_operator_v3']) retrieved from /home/airflow/.local/lib/python3.7/site-packages/airflow/example_dags/example_branch_python_dop_operator_3.py
[2022-04-29 01:42:09,755] {logging_mixin.py:109} INFO - [2022-04-29 01:42:09,755] {manager.py:496} INFO - Created Permission View: can edit on DAG:example_branch_dop_operator_v3
[2022-04-29 01:42:09,817] {logging_mixin.py:109} INFO - [2022-04-29 01:42:09,817] {manager.py:496} INFO - Created Permission View: can read on DAG:example_branch_dop_operator_v3
[2022-04-29 01:42:09,820] {logging_mixin.py:109} INFO - [2022-04-29 01:42:09,819] {dag.py:2398} INFO - Sync 1 DAGs
[2022-04-29 01:42:09,883] {logging_mixin.py:109} INFO - [2022-04-29 01:42:09,874] {dag.py:2417} INFO - Creating ORM DAG for example_branch_dop_operator_v3
[2022-04-29 01:42:10,006] {logging_mixin.py:109} INFO - [2022-04-29 01:42:10,004] {dag.py:2937} INFO - Setting next_dagrun for example_branch_dop_operator_v3 to 2022-04-29T01:41:00+00:00
[2022-04-29 01:42:10,107] {processor.py:171} INFO - Processing /home/airflow/.local/lib/python3.7/site-packages/airflow/example_dags/example_branch_python_dop_operator_3.py took 18.601 seconds
[2022-04-29 01:56:13,175] {processor.py:163} INFO - Started process (PID=274) to work on /home/airflow/.local/lib/python3.7/site-packages/airflow/example_dags/example_branch_python_dop_operator_3.py
[2022-04-29 01:56:13,208] {processor.py:642} INFO - Processing file /home/airflow/.local/lib/python3.7/site-packages/airflow/example_dags/example_branch_python_dop_operator_3.py for tasks to queue
[2022-04-29 01:56:13,217] {logging_mixin.py:109} INFO - [2022-04-29 01:56:13,216] {dagbag.py:500} INFO - Filling up the DagBag from /home/airflow/.local/lib/python3.7/site-packages/airflow/example_dags/example_branch_python_dop_operator_3.py
[2022-04-29 01:56:13,857] {processor.py:652} INFO - DAG(s) dict_keys(['example_branch_dop_operator_v3']) retrieved from /home/airflow/.local/lib/python3.7/site-packages/airflow/example_dags/example_branch_python_dop_operator_3.py
[2022-04-29 01:56:14,038] {logging_mixin.py:109} INFO - [2022-04-29 01:56:14,038] {dag.py:2398} INFO - Sync 1 DAGs
[2022-04-29 01:56:14,401] {logging_mixin.py:109} INFO - [2022-04-29 01:56:14,400] {dag.py:2937} INFO - Setting next_dagrun for example_branch_dop_operator_v3 to 2022-04-29T01:55:00+00:00
[2022-04-29 01:56:14,563] {processor.py:171} INFO - Processing /home/airflow/.local/lib/python3.7/site-packages/airflow/example_dags/example_branch_python_dop_operator_3.py took 1.405 seconds
[2022-04-29 02:07:49,008] {processor.py:163} INFO - Started process (PID=268) to work on /home/airflow/.local/lib/python3.7/site-packages/airflow/example_dags/example_branch_python_dop_operator_3.py
[2022-04-29 02:07:49,030] {processor.py:642} INFO - Processing file /home/airflow/.local/lib/python3.7/site-packages/airflow/example_dags/example_branch_python_dop_operator_3.py for tasks to queue
[2022-04-29 02:07:49,055] {logging_mixin.py:109} INFO - [2022-04-29 02:07:49,055] {dagbag.py:500} INFO - Filling up the DagBag from /home/airflow/.local/lib/python3.7/site-packages/airflow/example_dags/example_branch_python_dop_operator_3.py
[2022-04-29 02:07:49,842] {processor.py:652} INFO - DAG(s) dict_keys(['example_branch_dop_operator_v3']) retrieved from /home/airflow/.local/lib/python3.7/site-packages/airflow/example_dags/example_branch_python_dop_operator_3.py
[2022-04-29 02:08:40,346] {processor.py:163} INFO - Started process (PID=324) to work on /home/airflow/.local/lib/python3.7/site-packages/airflow/example_dags/example_branch_python_dop_operator_3.py
[2022-04-29 02:08:40,350] {processor.py:642} INFO - Processing file /home/airflow/.local/lib/python3.7/site-packages/airflow/example_dags/example_branch_python_dop_operator_3.py for tasks to queue
[2022-04-29 02:08:40,353] {logging_mixin.py:109} INFO - [2022-04-29 02:08:40,353] {dagbag.py:500} INFO - Filling up the DagBag from /home/airflow/.local/lib/python3.7/site-packages/airflow/example_dags/example_branch_python_dop_operator_3.py
[2022-04-29 02:08:40,673] {processor.py:652} INFO - DAG(s) dict_keys(['example_branch_dop_operator_v3']) retrieved from /home/airflow/.local/lib/python3.7/site-packages/airflow/example_dags/example_branch_python_dop_operator_3.py
[2022-04-29 02:09:06,568] {logging_mixin.py:109} INFO - [2022-04-29 02:09:06,567] {manager.py:496} INFO - Created Permission View: can read on DAG:example_branch_dop_operator_v3
[2022-04-29 02:09:06,642] {logging_mixin.py:109} INFO - [2022-04-29 02:09:06,641] {manager.py:496} INFO - Created Permission View: can edit on DAG:example_branch_dop_operator_v3
[2022-04-29 02:09:06,646] {logging_mixin.py:109} INFO - [2022-04-29 02:09:06,645] {dag.py:2398} INFO - Sync 1 DAGs
[2022-04-29 02:09:06,700] {logging_mixin.py:109} INFO - [2022-04-29 02:09:06,699] {dag.py:2417} INFO - Creating ORM DAG for example_branch_dop_operator_v3
[2022-04-29 02:09:06,841] {logging_mixin.py:109} INFO - [2022-04-29 02:09:06,840] {dag.py:2937} INFO - Setting next_dagrun for example_branch_dop_operator_v3 to 2022-04-29T02:08:00+00:00
[2022-04-29 02:09:06,954] {processor.py:171} INFO - Processing /home/airflow/.local/lib/python3.7/site-packages/airflow/example_dags/example_branch_python_dop_operator_3.py took 26.634 seconds
