[2022-04-29 01:42:11,122] {processor.py:163} INFO - Started process (PID=380) to work on /home/airflow/.local/lib/python3.7/site-packages/airflow/example_dags/example_sla_dag.py
[2022-04-29 01:42:11,127] {processor.py:642} INFO - Processing file /home/airflow/.local/lib/python3.7/site-packages/airflow/example_dags/example_sla_dag.py for tasks to queue
[2022-04-29 01:42:11,132] {logging_mixin.py:109} INFO - [2022-04-29 01:42:11,132] {dagbag.py:500} INFO - Filling up the DagBag from /home/airflow/.local/lib/python3.7/site-packages/airflow/example_dags/example_sla_dag.py
[2022-04-29 01:42:11,303] {processor.py:652} INFO - DAG(s) dict_keys(['example_sla_dag']) retrieved from /home/airflow/.local/lib/python3.7/site-packages/airflow/example_dags/example_sla_dag.py
[2022-04-29 01:42:27,136] {logging_mixin.py:109} INFO - [2022-04-29 01:42:27,135] {manager.py:496} INFO - Created Permission View: can edit on DAG:example_sla_dag
[2022-04-29 01:42:27,196] {logging_mixin.py:109} INFO - [2022-04-29 01:42:27,196] {manager.py:496} INFO - Created Permission View: can read on DAG:example_sla_dag
[2022-04-29 01:42:27,201] {logging_mixin.py:109} INFO - [2022-04-29 01:42:27,200] {dag.py:2398} INFO - Sync 1 DAGs
[2022-04-29 01:42:27,278] {logging_mixin.py:109} INFO - [2022-04-29 01:42:27,267] {dag.py:2417} INFO - Creating ORM DAG for example_sla_dag
[2022-04-29 01:42:27,435] {logging_mixin.py:109} INFO - [2022-04-29 01:42:27,434] {dag.py:2937} INFO - Setting next_dagrun for example_sla_dag to 2022-04-29T01:40:00+00:00
[2022-04-29 01:42:27,543] {processor.py:171} INFO - Processing /home/airflow/.local/lib/python3.7/site-packages/airflow/example_dags/example_sla_dag.py took 16.451 seconds
[2022-04-29 01:56:14,699] {processor.py:163} INFO - Started process (PID=280) to work on /home/airflow/.local/lib/python3.7/site-packages/airflow/example_dags/example_sla_dag.py
[2022-04-29 01:56:14,710] {processor.py:642} INFO - Processing file /home/airflow/.local/lib/python3.7/site-packages/airflow/example_dags/example_sla_dag.py for tasks to queue
[2022-04-29 01:56:14,719] {logging_mixin.py:109} INFO - [2022-04-29 01:56:14,719] {dagbag.py:500} INFO - Filling up the DagBag from /home/airflow/.local/lib/python3.7/site-packages/airflow/example_dags/example_sla_dag.py
[2022-04-29 01:56:14,949] {processor.py:652} INFO - DAG(s) dict_keys(['example_sla_dag']) retrieved from /home/airflow/.local/lib/python3.7/site-packages/airflow/example_dags/example_sla_dag.py
[2022-04-29 01:56:15,104] {logging_mixin.py:109} INFO - [2022-04-29 01:56:15,103] {dag.py:2398} INFO - Sync 1 DAGs
[2022-04-29 01:56:15,252] {logging_mixin.py:109} INFO - [2022-04-29 01:56:15,251] {dag.py:2937} INFO - Setting next_dagrun for example_sla_dag to 2022-04-29T01:54:00+00:00
[2022-04-29 01:56:15,303] {processor.py:171} INFO - Processing /home/airflow/.local/lib/python3.7/site-packages/airflow/example_dags/example_sla_dag.py took 0.629 seconds
[2022-04-29 02:09:07,076] {processor.py:163} INFO - Started process (PID=358) to work on /home/airflow/.local/lib/python3.7/site-packages/airflow/example_dags/example_sla_dag.py
[2022-04-29 02:09:07,081] {processor.py:642} INFO - Processing file /home/airflow/.local/lib/python3.7/site-packages/airflow/example_dags/example_sla_dag.py for tasks to queue
[2022-04-29 02:09:07,094] {logging_mixin.py:109} INFO - [2022-04-29 02:09:07,084] {dagbag.py:500} INFO - Filling up the DagBag from /home/airflow/.local/lib/python3.7/site-packages/airflow/example_dags/example_sla_dag.py
[2022-04-29 02:09:07,274] {processor.py:652} INFO - DAG(s) dict_keys(['example_sla_dag']) retrieved from /home/airflow/.local/lib/python3.7/site-packages/airflow/example_dags/example_sla_dag.py
[2022-04-29 02:09:25,209] {logging_mixin.py:109} INFO - [2022-04-29 02:09:25,209] {manager.py:496} INFO - Created Permission View: can read on DAG:example_sla_dag
[2022-04-29 02:09:25,238] {logging_mixin.py:109} INFO - [2022-04-29 02:09:25,238] {manager.py:496} INFO - Created Permission View: can edit on DAG:example_sla_dag
[2022-04-29 02:09:25,241] {logging_mixin.py:109} INFO - [2022-04-29 02:09:25,240] {dag.py:2398} INFO - Sync 1 DAGs
[2022-04-29 02:09:25,287] {logging_mixin.py:109} INFO - [2022-04-29 02:09:25,286] {dag.py:2417} INFO - Creating ORM DAG for example_sla_dag
[2022-04-29 02:09:25,358] {logging_mixin.py:109} INFO - [2022-04-29 02:09:25,358] {dag.py:2937} INFO - Setting next_dagrun for example_sla_dag to 2022-04-29T02:06:00+00:00
[2022-04-29 02:09:25,405] {processor.py:171} INFO - Processing /home/airflow/.local/lib/python3.7/site-packages/airflow/example_dags/example_sla_dag.py took 18.333 seconds
