[2022-04-29 01:42:25,305] {processor.py:163} INFO - Started process (PID=408) to work on /home/airflow/.local/lib/python3.7/site-packages/airflow/example_dags/tutorial_taskflow_api_etl.py
[2022-04-29 01:42:25,315] {processor.py:642} INFO - Processing file /home/airflow/.local/lib/python3.7/site-packages/airflow/example_dags/tutorial_taskflow_api_etl.py for tasks to queue
[2022-04-29 01:42:25,322] {logging_mixin.py:109} INFO - [2022-04-29 01:42:25,321] {dagbag.py:500} INFO - Filling up the DagBag from /home/airflow/.local/lib/python3.7/site-packages/airflow/example_dags/tutorial_taskflow_api_etl.py
[2022-04-29 01:42:25,518] {processor.py:652} INFO - DAG(s) dict_keys(['tutorial_taskflow_api_etl']) retrieved from /home/airflow/.local/lib/python3.7/site-packages/airflow/example_dags/tutorial_taskflow_api_etl.py
[2022-04-29 01:42:42,113] {logging_mixin.py:109} INFO - [2022-04-29 01:42:42,112] {manager.py:496} INFO - Created Permission View: can edit on DAG:tutorial_taskflow_api_etl
[2022-04-29 01:42:42,182] {logging_mixin.py:109} INFO - [2022-04-29 01:42:42,181] {manager.py:496} INFO - Created Permission View: can read on DAG:tutorial_taskflow_api_etl
[2022-04-29 01:42:42,188] {logging_mixin.py:109} INFO - [2022-04-29 01:42:42,187] {dag.py:2398} INFO - Sync 1 DAGs
[2022-04-29 01:42:42,279] {logging_mixin.py:109} INFO - [2022-04-29 01:42:42,277] {dag.py:2417} INFO - Creating ORM DAG for tutorial_taskflow_api_etl
[2022-04-29 01:42:42,349] {logging_mixin.py:109} INFO - [2022-04-29 01:42:42,348] {dag.py:2937} INFO - Setting next_dagrun for tutorial_taskflow_api_etl to None
[2022-04-29 01:42:42,454] {processor.py:171} INFO - Processing /home/airflow/.local/lib/python3.7/site-packages/airflow/example_dags/tutorial_taskflow_api_etl.py took 17.166 seconds
[2022-04-29 01:56:15,367] {processor.py:163} INFO - Started process (PID=282) to work on /home/airflow/.local/lib/python3.7/site-packages/airflow/example_dags/tutorial_taskflow_api_etl.py
[2022-04-29 01:56:15,374] {processor.py:642} INFO - Processing file /home/airflow/.local/lib/python3.7/site-packages/airflow/example_dags/tutorial_taskflow_api_etl.py for tasks to queue
[2022-04-29 01:56:15,378] {logging_mixin.py:109} INFO - [2022-04-29 01:56:15,377] {dagbag.py:500} INFO - Filling up the DagBag from /home/airflow/.local/lib/python3.7/site-packages/airflow/example_dags/tutorial_taskflow_api_etl.py
[2022-04-29 01:56:15,508] {processor.py:652} INFO - DAG(s) dict_keys(['tutorial_taskflow_api_etl']) retrieved from /home/airflow/.local/lib/python3.7/site-packages/airflow/example_dags/tutorial_taskflow_api_etl.py
[2022-04-29 01:56:22,444] {logging_mixin.py:109} INFO - [2022-04-29 01:56:22,443] {dag.py:2398} INFO - Sync 1 DAGs
[2022-04-29 01:56:22,594] {logging_mixin.py:109} INFO - [2022-04-29 01:56:22,593] {dag.py:2937} INFO - Setting next_dagrun for tutorial_taskflow_api_etl to None
[2022-04-29 01:56:22,713] {processor.py:171} INFO - Processing /home/airflow/.local/lib/python3.7/site-packages/airflow/example_dags/tutorial_taskflow_api_etl.py took 7.352 seconds
[2022-04-29 02:09:24,272] {processor.py:163} INFO - Started process (PID=384) to work on /home/airflow/.local/lib/python3.7/site-packages/airflow/example_dags/tutorial_taskflow_api_etl.py
[2022-04-29 02:09:24,277] {processor.py:642} INFO - Processing file /home/airflow/.local/lib/python3.7/site-packages/airflow/example_dags/tutorial_taskflow_api_etl.py for tasks to queue
[2022-04-29 02:09:24,281] {logging_mixin.py:109} INFO - [2022-04-29 02:09:24,280] {dagbag.py:500} INFO - Filling up the DagBag from /home/airflow/.local/lib/python3.7/site-packages/airflow/example_dags/tutorial_taskflow_api_etl.py
[2022-04-29 02:09:24,359] {processor.py:652} INFO - DAG(s) dict_keys(['tutorial_taskflow_api_etl']) retrieved from /home/airflow/.local/lib/python3.7/site-packages/airflow/example_dags/tutorial_taskflow_api_etl.py
[2022-04-29 02:09:36,539] {logging_mixin.py:109} INFO - [2022-04-29 02:09:36,538] {manager.py:496} INFO - Created Permission View: can read on DAG:tutorial_taskflow_api_etl
[2022-04-29 02:09:36,603] {logging_mixin.py:109} INFO - [2022-04-29 02:09:36,602] {manager.py:496} INFO - Created Permission View: can edit on DAG:tutorial_taskflow_api_etl
[2022-04-29 02:09:36,607] {logging_mixin.py:109} INFO - [2022-04-29 02:09:36,605] {dag.py:2398} INFO - Sync 1 DAGs
[2022-04-29 02:09:36,647] {logging_mixin.py:109} INFO - [2022-04-29 02:09:36,645] {dag.py:2417} INFO - Creating ORM DAG for tutorial_taskflow_api_etl
[2022-04-29 02:09:36,677] {logging_mixin.py:109} INFO - [2022-04-29 02:09:36,677] {dag.py:2937} INFO - Setting next_dagrun for tutorial_taskflow_api_etl to None
[2022-04-29 02:09:36,751] {processor.py:171} INFO - Processing /home/airflow/.local/lib/python3.7/site-packages/airflow/example_dags/tutorial_taskflow_api_etl.py took 12.486 seconds
