[2022-04-29 01:43:11,909] {processor.py:163} INFO - Started process (PID=477) to work on /home/airflow/.local/lib/python3.7/site-packages/airflow/example_dags/tutorial_taskflow_api_etl_virtualenv.py
[2022-04-29 01:43:11,914] {processor.py:642} INFO - Processing file /home/airflow/.local/lib/python3.7/site-packages/airflow/example_dags/tutorial_taskflow_api_etl_virtualenv.py for tasks to queue
[2022-04-29 01:43:11,917] {logging_mixin.py:109} INFO - [2022-04-29 01:43:11,917] {dagbag.py:500} INFO - Filling up the DagBag from /home/airflow/.local/lib/python3.7/site-packages/airflow/example_dags/tutorial_taskflow_api_etl_virtualenv.py
[2022-04-29 01:43:11,999] {processor.py:652} INFO - DAG(s) dict_keys(['tutorial_taskflow_api_etl_virtualenv']) retrieved from /home/airflow/.local/lib/python3.7/site-packages/airflow/example_dags/tutorial_taskflow_api_etl_virtualenv.py
[2022-04-29 01:43:29,018] {logging_mixin.py:109} INFO - [2022-04-29 01:43:29,018] {manager.py:496} INFO - Created Permission View: can edit on DAG:tutorial_taskflow_api_etl_virtualenv
[2022-04-29 01:43:29,088] {logging_mixin.py:109} INFO - [2022-04-29 01:43:29,088] {manager.py:496} INFO - Created Permission View: can read on DAG:tutorial_taskflow_api_etl_virtualenv
[2022-04-29 01:43:29,093] {logging_mixin.py:109} INFO - [2022-04-29 01:43:29,091] {dag.py:2398} INFO - Sync 1 DAGs
[2022-04-29 01:43:29,161] {logging_mixin.py:109} INFO - [2022-04-29 01:43:29,150] {dag.py:2417} INFO - Creating ORM DAG for tutorial_taskflow_api_etl_virtualenv
[2022-04-29 01:43:29,223] {logging_mixin.py:109} INFO - [2022-04-29 01:43:29,223] {dag.py:2937} INFO - Setting next_dagrun for tutorial_taskflow_api_etl_virtualenv to None
[2022-04-29 01:43:29,326] {processor.py:171} INFO - Processing /home/airflow/.local/lib/python3.7/site-packages/airflow/example_dags/tutorial_taskflow_api_etl_virtualenv.py took 17.425 seconds
[2022-04-29 01:56:19,356] {processor.py:163} INFO - Started process (PID=300) to work on /home/airflow/.local/lib/python3.7/site-packages/airflow/example_dags/tutorial_taskflow_api_etl_virtualenv.py
[2022-04-29 01:56:19,382] {processor.py:642} INFO - Processing file /home/airflow/.local/lib/python3.7/site-packages/airflow/example_dags/tutorial_taskflow_api_etl_virtualenv.py for tasks to queue
[2022-04-29 01:56:19,392] {logging_mixin.py:109} INFO - [2022-04-29 01:56:19,392] {dagbag.py:500} INFO - Filling up the DagBag from /home/airflow/.local/lib/python3.7/site-packages/airflow/example_dags/tutorial_taskflow_api_etl_virtualenv.py
[2022-04-29 01:56:19,710] {processor.py:652} INFO - DAG(s) dict_keys(['tutorial_taskflow_api_etl_virtualenv']) retrieved from /home/airflow/.local/lib/python3.7/site-packages/airflow/example_dags/tutorial_taskflow_api_etl_virtualenv.py
[2022-04-29 01:56:22,419] {logging_mixin.py:109} INFO - [2022-04-29 01:56:22,418] {dag.py:2398} INFO - Sync 1 DAGs
[2022-04-29 01:56:22,574] {logging_mixin.py:109} INFO - [2022-04-29 01:56:22,574] {dag.py:2937} INFO - Setting next_dagrun for tutorial_taskflow_api_etl_virtualenv to None
[2022-04-29 01:56:22,664] {processor.py:171} INFO - Processing /home/airflow/.local/lib/python3.7/site-packages/airflow/example_dags/tutorial_taskflow_api_etl_virtualenv.py took 3.317 seconds
[2022-04-29 02:10:01,869] {processor.py:163} INFO - Started process (PID=454) to work on /home/airflow/.local/lib/python3.7/site-packages/airflow/example_dags/tutorial_taskflow_api_etl_virtualenv.py
[2022-04-29 02:10:01,878] {processor.py:642} INFO - Processing file /home/airflow/.local/lib/python3.7/site-packages/airflow/example_dags/tutorial_taskflow_api_etl_virtualenv.py for tasks to queue
[2022-04-29 02:10:01,883] {logging_mixin.py:109} INFO - [2022-04-29 02:10:01,883] {dagbag.py:500} INFO - Filling up the DagBag from /home/airflow/.local/lib/python3.7/site-packages/airflow/example_dags/tutorial_taskflow_api_etl_virtualenv.py
[2022-04-29 02:10:02,065] {processor.py:652} INFO - DAG(s) dict_keys(['tutorial_taskflow_api_etl_virtualenv']) retrieved from /home/airflow/.local/lib/python3.7/site-packages/airflow/example_dags/tutorial_taskflow_api_etl_virtualenv.py
